<?xml version="1.0" encoding="utf-8"?><testsuites><testsuite name="pytest" errors="0" failures="0" skipped="0" tests="13" time="1.134" timestamp="2025-10-20T16:05:26.550684+00:00" hostname="runnervmzdgdc"><testcase classname="tests.test_login_sql_injection" name="test_login_should_not_allow_sql_injection" time="0.049" /><testcase classname="tests.test_login_sql_injection" name="test_login_succeeds_with_valid_credentials" time="0.003" /><testcase classname="tests.test_login_sql_injection" name="test_login_rejects_invalid_username_pattern" time="0.002" /><testcase classname="tests.test_login_sql_injection" name="test_login_rejects_too_long_username" time="0.002" /><testcase classname="tests.test_login_sql_injection" name="test_login_rate_limiter_blocks_after_threshold" time="0.015" /><testcase classname="tests.test_search_sql_like" name="test_search_should_not_return_all_on_injection" time="0.005" /><testcase classname="tests.test_search_sql_like" name="test_search_rejects_too_long_query" time="0.002" /><testcase classname="tests.test_security_controls" name="test_security_headers_present" time="0.018" /><testcase classname="tests.test_security_controls" name="test_unhandled_exception_returns_generic_body" time="0.002" /><testcase classname="tests.test_security_controls" name="test_login_failure_does_not_log_password" time="0.003" /><testcase classname="tests.test_security_controls" name="test_app_uses_env_configuration" time="0.509" /><testcase classname="tests.test_xss_escaping" name="test_echo_should_escape_script_tags" time="0.003" /><testcase classname="tests.test_xss_escaping" name="test_echo_should_escape_img_onerror" time="0.002" /></testsuite></testsuites>